#
# There is insufficient memory for the Java Runtime Environment to continue.
# Native memory allocation (malloc) failed to allocate 1048576 bytes for AllocateHeap
# Possible reasons:
#   The system is out of physical RAM or swap space
#   In 32 bit mode, the process size limit was hit
# Possible solutions:
#   Reduce memory load on the system
#   Increase physical memory or swap space
#   Check if swap backing store is full
#   Use 64 bit Java on a 64 bit OS
#   Decrease Java heap size (-Xmx/-Xms)
#   Decrease number of Java threads
#   Decrease Java thread stack sizes (-Xss)
#   Set larger code cache with -XX:ReservedCodeCacheSize=
# This output file may be truncated or incomplete.
#
#  Out of Memory Error (memory/allocation.inline.hpp:61), pid=5612, tid=0x00000000000024e0
#
# JRE version:  (8.0_121-b13) (build )
# Java VM: Java HotSpot(TM) 64-Bit Server VM (25.121-b13 mixed mode windows-amd64 compressed oops)
# Failed to write core dump. Minidumps are not enabled by default on client versions of Windows
#

---------------  T H R E A D  ---------------

Current thread (0x0000000002e70800):  JavaThread "Unknown thread" [_thread_in_vm, id=9440, stack(0x0000000002d70000,0x0000000002e70000)]

Stack: [0x0000000002d70000,0x0000000002e70000]
[error occurred during error reporting (printing stack bounds), id 0xc0000005]

Native frames: (J=compiled Java code, j=interpreted, Vv=VM code, C=native code)


---------------  P R O C E S S  ---------------

Java Threads: ( => current thread )

Other Threads:

=>0x0000000002e70800 (exited) JavaThread "Unknown thread" [_thread_in_vm, id=9440, stack(0x0000000002d70000,0x0000000002e70000)]

VM state:not at safepoint (normal execution)

VM Mutex/Monitor currently owned by a thread: None

Heap:
 PSYoungGen      total 38400K, used 665K [0x00000000d5f00000, 0x00000000d8980000, 0x0000000100000000)
  eden space 33280K, 2% used [0x00000000d5f00000,0x00000000d5fa6670,0x00000000d7f80000)
  from space 5120K, 0% used [0x00000000d8480000,0x00000000d8480000,0x00000000d8980000)
  to   space 5120K, 0% used [0x00000000d7f80000,0x00000000d7f80000,0x00000000d8480000)
 ParOldGen       total 87552K, used 0K [0x0000000081c00000, 0x0000000087180000, 0x00000000d5f00000)
  object space 87552K, 0% used [0x0000000081c00000,0x0000000081c00000,0x0000000087180000)
 Metaspace       used 746K, capacity 4480K, committed 4480K, reserved 1056768K
  class space    used 75K, capacity 384K, committed 384K, reserved 1048576K

Card table byte_map: [0x0000000012330000,0x0000000012730000] byte_map_base: 0x0000000011f22000

Marking Bits: (ParMarkBitMap*) 0x00000000652bb6d0
 Begin Bits: [0x0000000012de0000, 0x0000000014d70000)
 End Bits:   [0x0000000014d70000, 0x0000000016d00000)

Polling page: 0x0000000002c10000

CodeCache: size=245760Kb used=328Kb max_used=328Kb free=245431Kb
 bounds [0x0000000002f70000, 0x00000000031e0000, 0x0000000011f70000]
 total_blobs=58 nmethods=0 adapters=38
 compilation: enabled

Compilation events (0 events):
No events

GC Heap History (0 events):
No events

Deoptimization events (0 events):
No events

Internal exceptions (0 events):
No events

Events (10 events):
Event: 0.036 loading class java/lang/Short
Event: 0.036 loading class java/lang/Short done
Event: 0.036 loading class java/lang/Integer
Event: 0.036 loading class java/lang/Integer done
Event: 0.036 loading class java/lang/Long
Event: 0.036 loading class java/lang/Long done
Event: 0.038 loading class java/lang/NullPointerException
Event: 0.038 loading class java/lang/NullPointerException done
Event: 0.038 loading class java/lang/ArithmeticException
Event: 0.038 loading class java/lang/ArithmeticException done


Dynamic libraries:
0x00007ff7c5500000 - 0x00007ff7c5537000 	C:\Program Files\Java\jre1.8.0_121\bin\javaw.exe
0x00007ff90aa80000 - 0x00007ff90ac51000 	C:\Windows\SYSTEM32\ntdll.dll
0x00007ff909ea0000 - 0x00007ff909f4b000 	C:\Windows\System32\KERNEL32.DLL
0x00007ff907150000 - 0x00007ff90736d000 	C:\Windows\System32\KERNELBASE.dll
0x00007ff909d80000 - 0x00007ff909e22000 	C:\Windows\System32\ADVAPI32.dll
0x00007ff9082d0000 - 0x00007ff90836e000 	C:\Windows\System32\msvcrt.dll
0x00007ff90a880000 - 0x00007ff90a8d9000 	C:\Windows\System32\sechost.dll
0x00007ff908410000 - 0x00007ff908531000 	C:\Windows\System32\RPCRT4.dll
0x00007ff909b50000 - 0x00007ff909cb5000 	C:\Windows\System32\USER32.dll
0x00007ff907080000 - 0x00007ff90709e000 	C:\Windows\System32\win32u.dll
0x00007ff908370000 - 0x00007ff9083a4000 	C:\Windows\System32\GDI32.dll
0x00007ff907e80000 - 0x00007ff908002000 	C:\Windows\System32\gdi32full.dll
0x00007ff8fc810000 - 0x00007ff8fca8a000 	C:\Windows\WinSxS\amd64_microsoft.windows.common-controls_6595b64144ccf1df_6.0.14393.953_none_42151e83c686086b\COMCTL32.dll
0x00007ff909f50000 - 0x00007ff90a218000 	C:\Windows\System32\combase.dll
0x00007ff9073d0000 - 0x00007ff9074c5000 	C:\Windows\System32\ucrtbase.dll
0x00007ff906f70000 - 0x00007ff906fda000 	C:\Windows\System32\bcryptPrimitives.dll
0x00007ff9083e0000 - 0x00007ff90840e000 	C:\Windows\System32\IMM32.DLL
0x00000000659f0000 - 0x0000000065ac2000 	C:\Program Files\Java\jre1.8.0_121\bin\msvcr100.dll
0x0000000064aa0000 - 0x000000006533b000 	C:\Program Files\Java\jre1.8.0_121\bin\server\jvm.dll
0x00007ff9083d0000 - 0x00007ff9083d8000 	C:\Windows\System32\PSAPI.DLL
0x00007ff8f9170000 - 0x00007ff8f917a000 	C:\Windows\SYSTEM32\VERSION.dll
0x00007ff905360000 - 0x00007ff905383000 	C:\Windows\SYSTEM32\WINMM.dll
0x00007ff903020000 - 0x00007ff903029000 	C:\Windows\SYSTEM32\WSOCK32.dll
0x0000000002bc0000 - 0x0000000002beb000 	C:\Windows\SYSTEM32\WINMMBASE.dll
0x00007ff909e30000 - 0x00007ff909e9a000 	C:\Windows\System32\WS2_32.dll
0x00007ff907750000 - 0x00007ff907792000 	C:\Windows\System32\cfgmgr32.dll
0x00000000659e0000 - 0x00000000659ef000 	C:\Program Files\Java\jre1.8.0_121\bin\verify.dll
0x00000000659b0000 - 0x00000000659d9000 	C:\Program Files\Java\jre1.8.0_121\bin\java.dll
0x0000000065990000 - 0x00000000659a6000 	C:\Program Files\Java\jre1.8.0_121\bin\zip.dll

VM Arguments:
jvm_args: -Dfile.encoding=Cp1252 
java_command: domain.Restaurant
java_class_path (initial): C:\Users\paul\Nextcloud\Programmieren\Java\1529144_Bsp1_Reisch\bin
Launcher Type: SUN_STANDARD

Environment Variables:
PATH=C:/Program Files/Java/jre1.8.0_121/bin/server;C:/Program Files/Java/jre1.8.0_121/bin;C:/Program Files/Java/jre1.8.0_121/lib/amd64;C:\ProgramData\Oracle\Java\javapath;C:\Windows\system32;C:\Windows;C:\Windows\System32\Wbem;C:\Windows\System32\WindowsPowerShell\v1.0\;C:\Program Files\Git\cmd;C:\Users\paul\AppData\Local\Microsoft\WindowsApps;;C:\Windows\system32;
USERNAME=paul
OS=Windows_NT
PROCESSOR_IDENTIFIER=Intel64 Family 6 Model 69 Stepping 1, GenuineIntel



---------------  S Y S T E M  ---------------

OS: Windows 10.0 , 64 bit Build 14393 (10.0.14393.0)

CPU:total 4 (2 cores per cpu, 2 threads per core) family 6 model 69 stepping 1, cmov, cx8, fxsr, mmx, sse, sse2, sse3, ssse3, sse4.1, sse4.2, popcnt, avx, avx2, aes, clmul, erms, lzcnt, ht, tsc, tscinvbit, bmi1, bmi2

Memory: 4k page, physical 8266008k(4243024k free), swap 14980372k(5964k free)

vm_info: Java HotSpot(TM) 64-Bit Server VM (25.121-b13) for windows-amd64 JRE (1.8.0_121-b13), built on Dec 12 2016 18:21:36 by "java_re" with MS VC++ 10.0 (VS2010)

time: Fri Apr 14 14:57:13 2017
elapsed time: 0 seconds (0d 0h 0m 0s)

